#
# There is insufficient memory for the Java Runtime Environment to continue.
# Native memory allocation (malloc) failed to allocate 855616 bytes for Chunk::new
# Possible reasons:
#   The system is out of physical RAM or swap space
#   The process is running with CompressedOops enabled, and the Java Heap may be blocking the growth of the native heap
# Possible solutions:
#   Reduce memory load on the system
#   Increase physical memory or swap space
#   Check if swap backing store is full
#   Decrease Java heap size (-Xmx/-Xms)
#   Decrease number of Java threads
#   Decrease Java thread stack sizes (-Xss)
#   Set larger code cache with -XX:ReservedCodeCacheSize=
#   JVM is running with Unscaled Compressed Oops mode in which the Java heap is
#     placed in the first 4GB address space. The Java Heap base address is the
#     maximum limit for the native heap growth. Please use -XX:HeapBaseMinAddress
#     to set the Java Heap base and to place the Java Heap above 4GB virtual address.
# This output file may be truncated or incomplete.
#
#  Out of Memory Error (allocation.cpp:389), pid=13576, tid=0x00000000000023e0
#
# JRE version: OpenJDK Runtime Environment (8.0_282-b08) (build 1.8.0_282-b08)
# Java VM: OpenJDK 64-Bit Server VM (25.282-b08 mixed mode windows-amd64 compressed oops)
# Failed to write core dump. Minidumps are not enabled by default on client versions of Windows
#

---------------  T H R E A D  ---------------

Current thread (0x0000000013c8b800):  JavaThread "C2 CompilerThread1" daemon [_thread_in_native, id=9184, stack(0x0000000015390000,0x0000000015490000)]

Stack: [0x0000000015390000,0x0000000015490000]
[error occurred during error reporting (printing stack bounds), id 0xc0000005]

Native frames: (J=compiled Java code, j=interpreted, Vv=VM code, C=native code)


Current CompileTask:
C2:  52017 5665   !   4       java.net.URLClassLoader$1::run (63 bytes)


---------------  P R O C E S S  ---------------

Java Threads: ( => current thread )
  0x0000000019093800 JavaThread "Memory manager" [_thread_blocked, id=14240, stack(0x00000000241e0000,0x00000000242e0000)]
  0x0000000019092000 JavaThread "pool-1-thread-1" [_thread_blocked, id=4936, stack(0x0000000023ce0000,0x0000000023de0000)]
  0x0000000019090800 JavaThread "jar transforms Thread 92" [_thread_blocked, id=15764, stack(0x00000000239e0000,0x0000000023ae0000)]
  0x0000000019093000 JavaThread "jar transforms Thread 91" [_thread_blocked, id=18392, stack(0x00000000238e0000,0x00000000239e0000)]
  0x0000000019091800 JavaThread "jar transforms Thread 90" [_thread_blocked, id=10828, stack(0x00000000237e0000,0x00000000238e0000)]
  0x0000000019090000 JavaThread "jar transforms Thread 89" [_thread_blocked, id=15252, stack(0x00000000236e0000,0x00000000237e0000)]
  0x0000000019088000 JavaThread "jar transforms Thread 88" [_thread_blocked, id=4840, stack(0x00000000235e0000,0x00000000236e0000)]
  0x000000001908c000 JavaThread "jar transforms Thread 87" [_thread_blocked, id=12344, stack(0x00000000234e0000,0x00000000235e0000)]
  0x000000001908f000 JavaThread "jar transforms Thread 86" [_thread_blocked, id=14508, stack(0x00000000233e0000,0x00000000234e0000)]
  0x000000001908b000 JavaThread "jar transforms Thread 85" [_thread_blocked, id=11216, stack(0x00000000232e0000,0x00000000233e0000)]
  0x0000000019089800 JavaThread "jar transforms Thread 84" [_thread_blocked, id=10544, stack(0x00000000231e0000,0x00000000232e0000)]
  0x000000001908a800 JavaThread "jar transforms Thread 83" [_thread_blocked, id=17808, stack(0x00000000230e0000,0x00000000231e0000)]
  0x000000001908e800 JavaThread "jar transforms Thread 82" [_thread_blocked, id=11480, stack(0x0000000022fe0000,0x00000000230e0000)]
  0x000000001908d800 JavaThread "jar transforms Thread 81" [_thread_blocked, id=8608, stack(0x0000000022ee0000,0x0000000022fe0000)]
  0x0000000019085800 JavaThread "jar transforms Thread 80" [_thread_blocked, id=7296, stack(0x0000000022de0000,0x0000000022ee0000)]
  0x000000001908c800 JavaThread "jar transforms Thread 79" [_thread_blocked, id=15868, stack(0x0000000022ce0000,0x0000000022de0000)]
  0x0000000019085000 JavaThread "jar transforms Thread 78" [_thread_blocked, id=10892, stack(0x0000000022be0000,0x0000000022ce0000)]
  0x0000000019086800 JavaThread "jar transforms Thread 77" [_thread_blocked, id=18236, stack(0x0000000022ae0000,0x0000000022be0000)]
  0x0000000019089000 JavaThread "jar transforms Thread 76" [_thread_blocked, id=404, stack(0x00000000228e0000,0x00000000229e0000)]
  0x0000000019087000 JavaThread "jar transforms Thread 75" [_thread_blocked, id=13828, stack(0x00000000227e0000,0x00000000228e0000)]
  0x0000000019120000 JavaThread "jar transforms Thread 74" [_thread_blocked, id=8800, stack(0x00000000226e0000,0x00000000227e0000)]
  0x000000001911f000 JavaThread "jar transforms Thread 73" [_thread_blocked, id=13596, stack(0x00000000225e0000,0x00000000226e0000)]
  0x000000001911d000 JavaThread "jar transforms Thread 72" [_thread_blocked, id=14256, stack(0x00000000224e0000,0x00000000225e0000)]
  0x000000001911b800 JavaThread "jar transforms Thread 71" [_thread_blocked, id=712, stack(0x00000000223e0000,0x00000000224e0000)]
  0x000000001911a800 JavaThread "jar transforms Thread 70" [_thread_blocked, id=17272, stack(0x00000000222e0000,0x00000000223e0000)]
  0x000000001911e800 JavaThread "jar transforms Thread 69" [_thread_blocked, id=17608, stack(0x00000000221e0000,0x00000000222e0000)]
  0x000000001911c000 JavaThread "jar transforms Thread 68" [_thread_blocked, id=2140, stack(0x00000000220e0000,0x00000000221e0000)]
  0x000000001911d800 JavaThread "jar transforms Thread 67" [_thread_blocked, id=13424, stack(0x0000000021fe0000,0x00000000220e0000)]
  0x0000000019113800 JavaThread "jar transforms Thread 66" [_thread_blocked, id=9212, stack(0x0000000021ee0000,0x0000000021fe0000)]
  0x0000000019119800 JavaThread "jar transforms Thread 65" [_thread_blocked, id=8672, stack(0x0000000021de0000,0x0000000021ee0000)]
  0x0000000019118000 JavaThread "jar transforms Thread 64" [_thread_blocked, id=8056, stack(0x0000000021ce0000,0x0000000021de0000)]
  0x0000000019119000 JavaThread "jar transforms Thread 63" [_thread_blocked, id=8428, stack(0x0000000021be0000,0x0000000021ce0000)]
  0x0000000019112800 JavaThread "jar transforms Thread 62" [_thread_blocked, id=14244, stack(0x0000000021ae0000,0x0000000021be0000)]
  0x0000000019111000 JavaThread "jar transforms Thread 61" [_thread_blocked, id=8696, stack(0x00000000219e0000,0x0000000021ae0000)]
  0x0000000019116800 JavaThread "jar transforms Thread 60" [_thread_blocked, id=444, stack(0x00000000218e0000,0x00000000219e0000)]
  0x0000000019117800 JavaThread "jar transforms Thread 59" [_thread_blocked, id=17764, stack(0x00000000217e0000,0x00000000218e0000)]
  0x0000000019112000 JavaThread "jar transforms Thread 58" [_thread_blocked, id=3256, stack(0x00000000216e0000,0x00000000217e0000)]
  0x0000000019115000 JavaThread "jar transforms Thread 57" [_thread_blocked, id=8040, stack(0x00000000215e0000,0x00000000216e0000)]
  0x0000000019116000 JavaThread "jar transforms Thread 56" [_thread_blocked, id=672, stack(0x00000000214e0000,0x00000000215e0000)]
  0x0000000019114000 JavaThread "jar transforms Thread 55" [_thread_blocked, id=8312, stack(0x00000000213e0000,0x00000000214e0000)]
  0x00000000172b0800 JavaThread "jar transforms Thread 54" [_thread_blocked, id=17424, stack(0x00000000212e0000,0x00000000213e0000)]
  0x00000000172b4800 JavaThread "jar transforms Thread 53" [_thread_blocked, id=17920, stack(0x00000000211e0000,0x00000000212e0000)]
  0x00000000172af800 JavaThread "jar transforms Thread 52" [_thread_blocked, id=16448, stack(0x00000000210e0000,0x00000000211e0000)]
  0x00000000172ae000 JavaThread "jar transforms Thread 51" [_thread_blocked, id=18040, stack(0x0000000020fe0000,0x00000000210e0000)]
  0x00000000172af000 JavaThread "jar transforms Thread 50" [_thread_blocked, id=16636, stack(0x0000000020ee0000,0x0000000020fe0000)]
  0x00000000172b3800 JavaThread "jar transforms Thread 49" [_thread_blocked, id=14748, stack(0x0000000020de0000,0x0000000020ee0000)]
  0x00000000172b2000 JavaThread "jar transforms Thread 48" [_thread_blocked, id=16796, stack(0x0000000020ce0000,0x0000000020de0000)]
  0x00000000172b1000 JavaThread "jar transforms Thread 47" [_thread_blocked, id=10656, stack(0x0000000020be0000,0x0000000020ce0000)]
  0x00000000172b5000 JavaThread "jar transforms Thread 46" [_thread_blocked, id=11292, stack(0x0000000020ae0000,0x0000000020be0000)]
  0x00000000172b3000 JavaThread "jar transforms Thread 45" [_thread_blocked, id=18364, stack(0x00000000209e0000,0x0000000020ae0000)]
  0x00000000172a6000 JavaThread "jar transforms Thread 44" [_thread_blocked, id=18112, stack(0x00000000208e0000,0x00000000209e0000)]
  0x00000000172ad800 JavaThread "jar transforms Thread 43" [_thread_blocked, id=12116, stack(0x00000000207e0000,0x00000000208e0000)]
  0x00000000172ab000 JavaThread "jar transforms Thread 42" [_thread_blocked, id=13228, stack(0x00000000206e0000,0x00000000207e0000)]
  0x00000000172a8800 JavaThread "jar transforms Thread 41" [_thread_blocked, id=15776, stack(0x00000000205e0000,0x00000000206e0000)]
  0x00000000172ac800 JavaThread "jar transforms Thread 40" [_thread_blocked, id=8872, stack(0x00000000204e0000,0x00000000205e0000)]
  0x00000000172a8000 JavaThread "jar transforms Thread 39" [_thread_blocked, id=2664, stack(0x00000000203e0000,0x00000000204e0000)]
  0x00000000172a7000 JavaThread "jar transforms Thread 38" [_thread_blocked, id=14220, stack(0x00000000202e0000,0x00000000203e0000)]
  0x00000000172a9800 JavaThread "jar transforms Thread 37" [_thread_blocked, id=14128, stack(0x00000000201e0000,0x00000000202e0000)]
  0x00000000172ab800 JavaThread "jar transforms Thread 36" [_thread_blocked, id=17888, stack(0x00000000200e0000,0x00000000201e0000)]
  0x00000000172aa000 JavaThread "jar transforms Thread 35" [_thread_blocked, id=15384, stack(0x000000001ffe0000,0x00000000200e0000)]
  0x0000000016ccb800 JavaThread "jar transforms Thread 34" [_thread_blocked, id=10824, stack(0x000000001fee0000,0x000000001ffe0000)]
  0x0000000016cc9000 JavaThread "jar transforms Thread 33" [_thread_blocked, id=14076, stack(0x000000001fde0000,0x000000001fee0000)]
  0x0000000016cca000 JavaThread "jar transforms Thread 32" [_thread_blocked, id=14180, stack(0x000000001fce0000,0x000000001fde0000)]
  0x0000000016cca800 JavaThread "jar transforms Thread 31" [_thread_blocked, id=14556, stack(0x000000001fbe0000,0x000000001fce0000)]
  0x0000000016cc1000 JavaThread "jar transforms Thread 30" [_thread_blocked, id=16892, stack(0x000000001fae0000,0x000000001fbe0000)]
  0x0000000016cc8000 JavaThread "jar transforms Thread 29" [_thread_blocked, id=8680, stack(0x000000001f9e0000,0x000000001fae0000)]
  0x0000000016cc0800 JavaThread "jar transforms Thread 28" [_thread_blocked, id=17520, stack(0x000000001f8e0000,0x000000001f9e0000)]
  0x0000000016cc7800 JavaThread "jar transforms Thread 27" [_thread_blocked, id=5296, stack(0x000000001f7e0000,0x000000001f8e0000)]
  0x0000000016cc6800 JavaThread "jar transforms Thread 26" [_thread_blocked, id=4980, stack(0x000000001f6e0000,0x000000001f7e0000)]
  0x0000000016cc2800 JavaThread "jar transforms Thread 25" [_thread_blocked, id=12680, stack(0x000000001f5e0000,0x000000001f6e0000)]
  0x0000000016cc3800 JavaThread "jar transforms Thread 24" [_thread_blocked, id=13760, stack(0x000000001f4e0000,0x000000001f5e0000)]
  0x0000000016cc6000 JavaThread "jar transforms Thread 23" [_thread_blocked, id=10052, stack(0x000000001f3e0000,0x000000001f4e0000)]
  0x0000000016cc5000 JavaThread "jar transforms Thread 22" [_thread_blocked, id=10032, stack(0x000000001f2e0000,0x000000001f3e0000)]
  0x0000000016cbf000 JavaThread "jar transforms Thread 21" [_thread_blocked, id=3008, stack(0x000000001f1e0000,0x000000001f2e0000)]
  0x0000000016cc4800 JavaThread "jar transforms Thread 20" [_thread_blocked, id=13436, stack(0x000000001f0e0000,0x000000001f1e0000)]
  0x0000000016cbe000 JavaThread "jar transforms Thread 19" [_thread_blocked, id=9092, stack(0x000000001efe0000,0x000000001f0e0000)]
  0x0000000016cbc800 JavaThread "jar transforms Thread 18" [_thread_blocked, id=5700, stack(0x000000001eee0000,0x000000001efe0000)]
  0x0000000016cc2000 JavaThread "jar transforms Thread 17" [_thread_blocked, id=16532, stack(0x000000001ede0000,0x000000001eee0000)]
  0x0000000016cbd000 JavaThread "jar transforms Thread 16" [_thread_blocked, id=11844, stack(0x000000001ece0000,0x000000001ede0000)]
  0x0000000016cbf800 JavaThread "jar transforms Thread 15" [_thread_blocked, id=10440, stack(0x000000001ebe0000,0x000000001ece0000)]
  0x00000000170e9800 JavaThread "jar transforms Thread 14" [_thread_blocked, id=8656, stack(0x000000001eae0000,0x000000001ebe0000)]
  0x00000000170e9000 JavaThread "jar transforms Thread 13" [_thread_blocked, id=11104, stack(0x000000001e9e0000,0x000000001eae0000)]
  0x00000000170e8000 JavaThread "jar transforms Thread 12" [_thread_blocked, id=2588, stack(0x000000001e8e0000,0x000000001e9e0000)]
  0x00000000170e7800 JavaThread "jar transforms Thread 11" [_thread_blocked, id=1492, stack(0x000000001e7e0000,0x000000001e8e0000)]
  0x00000000170e6800 JavaThread "jar transforms Thread 10" [_thread_blocked, id=11672, stack(0x000000001e6e0000,0x000000001e7e0000)]
  0x00000000170e6000 JavaThread "jar transforms Thread 9" [_thread_blocked, id=10888, stack(0x000000001e5e0000,0x000000001e6e0000)]
  0x00000000170e4000 JavaThread "jar transforms Thread 8" [_thread_blocked, id=8436, stack(0x000000001e4e0000,0x000000001e5e0000)]
  0x00000000170e5000 JavaThread "jar transforms Thread 7" [_thread_blocked, id=13100, stack(0x000000001e3e0000,0x000000001e4e0000)]
  0x00000000170de000 JavaThread "jar transforms Thread 6" [_thread_blocked, id=9596, stack(0x000000001e2e0000,0x000000001e3e0000)]
  0x00000000170e3800 JavaThread "jar transforms Thread 5" [_thread_blocked, id=15304, stack(0x000000001e1e0000,0x000000001e2e0000)]
  0x00000000170e2000 JavaThread "jar transforms Thread 4" [_thread_blocked, id=9148, stack(0x000000001e0e0000,0x000000001e1e0000)]
  0x00000000170e0800 JavaThread "jar transforms Thread 3" [_thread_blocked, id=2244, stack(0x000000001dfe0000,0x000000001e0e0000)]
  0x00000000170e1000 JavaThread "jar transforms Thread 2" [_thread_blocked, id=6468, stack(0x000000001dee0000,0x000000001dfe0000)]
  0x00000000170e2800 JavaThread "Build operations Thread 4" [_thread_blocked, id=15940, stack(0x000000001dde0000,0x000000001dee0000)]
  0x00000000170dc800 JavaThread "Build operations Thread 3" [_thread_blocked, id=17108, stack(0x000000001dce0000,0x000000001dde0000)]
  0x00000000170db800 JavaThread "Build operations Thread 2" [_thread_blocked, id=728, stack(0x000000001dbe0000,0x000000001dce0000)]
  0x00000000170df800 JavaThread "Build operations" [_thread_blocked, id=10620, stack(0x000000001dae0000,0x000000001dbe0000)]
  0x00000000170db000 JavaThread "Cache worker for Build Output Cleanup Cache (C:\Users\PC\Documents\Dojve\Project\Dojve-Mobile\Dojve\android\.gradle\buildOutputCleanup)" [_thread_blocked, id=4584, stack(0x000000001d7e0000,0x000000001d8e0000)]
  0x0000000015586000 JavaThread "Cache worker for file content cache (C:\Users\PC\.gradle\caches\6.7\fileContent)" [_thread_blocked, id=3732, stack(0x000000001d0e0000,0x000000001d1e0000)]
  0x0000000015585000 JavaThread "jar transforms" [_thread_blocked, id=9256, stack(0x000000001cfe0000,0x000000001d0e0000)]
  0x0000000015584800 JavaThread "Cache worker for execution history cache (C:\Users\PC\.gradle\caches\6.7\executionHistory)" [_thread_blocked, id=7708, stack(0x000000001c8e0000,0x000000001c9e0000)]
  0x0000000015583800 JavaThread "Cache worker for cache directory md-rule (C:\Users\PC\.gradle\caches\6.7\md-rule)" [_thread_blocked, id=13112, stack(0x000000001c7e0000,0x000000001c8e0000)]
  0x0000000015582000 JavaThread "Cache worker for cache directory md-supplier (C:\Users\PC\.gradle\caches\6.7\md-supplier)" [_thread_blocked, id=13124, stack(0x000000001c6e0000,0x000000001c7e0000)]
  0x0000000015580800 JavaThread "Cache worker for checksums cache (C:\Users\PC\Documents\Dojve\Project\Dojve-Mobile\Dojve\android\.gradle\checksums)" [_thread_blocked, id=17612, stack(0x000000001b130000,0x000000001b230000)]
  0x0000000015587800 JavaThread "Cache worker for file hash cache (C:\Users\PC\Documents\Dojve\Project\Dojve-Mobile\Dojve\android\.gradle\6.7\fileHashes)" [_thread_blocked, id=512, stack(0x000000001ae80000,0x000000001af80000)]
  0x0000000015587000 JavaThread "Cache worker for journal cache (C:\Users\PC\.gradle\caches\journal-1)" [_thread_blocked, id=15320, stack(0x000000001b030000,0x000000001b130000)]
  0x0000000015583000 JavaThread "File lock request listener" [_thread_in_native, id=14672, stack(0x0000000019bb0000,0x0000000019cb0000)]
  0x0000000015581800 JavaThread "Cache worker for file hash cache (C:\Users\PC\.gradle\caches\6.7\fileHashes)" [_thread_in_Java, id=16300, stack(0x00000000189e0000,0x0000000018ae0000)]
  0x0000000016a01800 JavaThread "Thread-9" [_thread_blocked, id=17260, stack(0x00000000186e0000,0x00000000187e0000)]
  0x0000000016a08000 JavaThread "Stdin handler" [_thread_blocked, id=17644, stack(0x00000000185e0000,0x00000000186e0000)]
  0x0000000016bc6800 JavaThread "Asynchronous log dispatcher for DefaultDaemonConnection: socket connection from /127.0.0.1:61176 to /127.0.0.1:61177" [_thread_blocked, id=4680, stack(0x00000000184e0000,0x00000000185e0000)]
  0x0000000016bf1000 JavaThread "Daemon worker" [_thread_in_Java, id=17768, stack(0x00000000183e0000,0x00000000184e0000)]
  0x0000000016bf0000 JavaThread "Cancel handler" [_thread_blocked, id=11468, stack(0x00000000182e0000,0x00000000183e0000)]
  0x0000000016bee000 JavaThread "Handler for socket connection from /127.0.0.1:61176 to /127.0.0.1:61177" [_thread_in_native, id=13724, stack(0x0000000017fe0000,0x00000000180e0000)]
  0x0000000016bed800 JavaThread "Daemon" [_thread_blocked, id=8592, stack(0x0000000017ee0000,0x0000000017fe0000)]
  0x0000000016436800 JavaThread "Daemon periodic checks" [_thread_blocked, id=16292, stack(0x0000000017de0000,0x0000000017ee0000)]
  0x0000000015690000 JavaThread "Incoming local TCP Connector on port 61176" [_thread_in_native, id=12284, stack(0x0000000017ba0000,0x0000000017ca0000)]
  0x00000000161ad800 JavaThread "Daemon health stats" [_thread_blocked, id=13308, stack(0x0000000017560000,0x0000000017660000)]
  0x0000000013c8d000 JavaThread "Service Thread" daemon [_thread_blocked, id=12552, stack(0x0000000015990000,0x0000000015a90000)]
  0x0000000015498800 JavaThread "C1 CompilerThread2" daemon [_thread_blocked, id=16076, stack(0x0000000015890000,0x0000000015990000)]
=>0x0000000013c8b800 JavaThread "C2 CompilerThread1" daemon [_thread_in_native, id=9184, stack(0x0000000015390000,0x0000000015490000)]
  0x0000000013c45800 JavaThread "C2 CompilerThread0" daemon [_thread_in_native, id=4728, stack(0x0000000015290000,0x0000000015390000)]
  0x0000000013c3d800 JavaThread "Attach Listener" daemon [_thread_blocked, id=3800, stack(0x0000000015190000,0x0000000015290000)]
  0x0000000013c3b000 JavaThread "Signal Dispatcher" daemon [_thread_blocked, id=12528, stack(0x0000000015090000,0x0000000015190000)]
  0x0000000002807800 JavaThread "Finalizer" daemon [_thread_blocked, id=10368, stack(0x0000000014e90000,0x0000000014f90000)]
  0x0000000013c19800 JavaThread "Reference Handler" daemon [_thread_blocked, id=10380, stack(0x0000000014d90000,0x0000000014e90000)]
  0x0000000002714800 JavaThread "main" [_thread_blocked, id=6244, stack(0x00000000024d0000,0x00000000025d0000)]

Other Threads:
  0x0000000013bf5800 VMThread [stack: 0x0000000014c90000,0x0000000014d90000] [id=5176]
  0x0000000015499000 WatcherThread [stack: 0x0000000015a90000,0x0000000015b90000] [id=3060]

VM state:not at safepoint (normal execution)

VM Mutex/Monitor currently owned by a thread: None

heap address: 0x00000000e0000000, size: 512 MB, Compressed Oops mode: 32-bit
Narrow klass base: 0x0000000000000000, Narrow klass shift: 3
Compressed class space size: 1073741824 Address: 0x0000000100000000

Heap:
 PSYoungGen      total 145920K, used 65425K [0x00000000f5580000, 0x0000000100000000, 0x0000000100000000)
  eden space 133632K, 48% used [0x00000000f5580000,0x00000000f9564510,0x00000000fd800000)
  from space 12288K, 0% used [0x00000000ff400000,0x00000000ff400000,0x0000000100000000)
  to   space 20480K, 0% used [0x00000000fd800000,0x00000000fd800000,0x00000000fec00000)
 ParOldGen       total 188416K, used 36259K [0x00000000e0000000, 0x00000000eb800000, 0x00000000f5580000)
  object space 188416K, 19% used [0x00000000e0000000,0x00000000e2368c58,0x00000000eb800000)
 Metaspace       used 58520K, capacity 61396K, committed 61720K, reserved 1101824K
  class space    used 8232K, capacity 8892K, committed 8984K, reserved 1048576K

Card table byte_map: [0x0000000011bd0000,0x0000000011ce0000] byte_map_base: 0x00000000114d0000

Marking Bits: (ParMarkBitMap*) 0x000000006cf83420
 Begin Bits: [0x0000000012190000, 0x0000000012990000)
 End Bits:   [0x0000000012990000, 0x0000000013190000)

Polling page: 0x0000000000a30000

CodeCache: size=245760Kb used=18597Kb max_used=18597Kb free=227162Kb
 bounds [0x0000000002810000, 0x0000000003a50000, 0x0000000011810000]
 total_blobs=6043 nmethods=5258 adapters=696
 compilation: enabled

Compilation events (10 events):
Event: 51.896 Thread 0x0000000015498800 nmethod 5664 0x0000000003a41010 code [0x0000000003a41160, 0x0000000003a412f0]
Event: 51.896 Thread 0x0000000015498800 5663       3       org.gradle.api.internal.artifacts.configurations.DefaultConfiguration::addMutationValidator (12 bytes)
Event: 51.897 Thread 0x0000000015498800 nmethod 5663 0x0000000003a41390 code [0x0000000003a41500, 0x0000000003a41728]
Event: 51.902 Thread 0x0000000013c8b800 5665   !   4       java.net.URLClassLoader$1::run (63 bytes)
Event: 51.919 Thread 0x0000000015498800 5668       3       com.google.common.collect.Lists::newArrayList (8 bytes)
Event: 51.919 Thread 0x0000000015498800 nmethod 5668 0x0000000003a41810 code [0x0000000003a41980, 0x0000000003a41c90]
Event: 51.919 Thread 0x0000000015498800 5669       3       org.gradle.api.internal.collections.DefaultCollectionEventRegister::registerLazyAddDecoratedAction (14 bytes)
Event: 51.920 Thread 0x0000000015498800 nmethod 5669 0x0000000003a41e10 code [0x0000000003a41f80, 0x0000000003a421c8]
Event: 51.920 Thread 0x0000000015498800 5670       3       org.gradle.internal.event.DefaultListenerManager$EventBroadcast::getDispatch (16 bytes)
Event: 51.921 Thread 0x0000000015498800 nmethod 5670 0x0000000003a42290 code [0x0000000003a423e0, 0x0000000003a42590]

GC Heap History (10 events):
Event: 32.355 GC heap before
{Heap before GC invocations=9 (full 2):
 PSYoungGen      total 117248K, used 9755K [0x00000000f5580000, 0x0000000100000000, 0x0000000100000000)
  eden space 104960K, 0% used [0x00000000f5580000,0x00000000f5580000,0x00000000fbc00000)
  from space 12288K, 79% used [0x00000000fbc00000,0x00000000fc586f00,0x00000000fc800000)
  to   space 12288K, 0% used [0x00000000ff400000,0x00000000ff400000,0x0000000100000000)
 ParOldGen       total 175104K, used 8206K [0x00000000e0000000, 0x00000000eab00000, 0x00000000f5580000)
  object space 175104K, 4% used [0x00000000e0000000,0x00000000e0803838,0x00000000eab00000)
 Metaspace       used 34310K, capacity 35466K, committed 35496K, reserved 1079296K
  class space    used 4803K, capacity 5107K, committed 5120K, reserved 1048576K
Event: 32.505 GC heap after
Heap after GC invocations=9 (full 2):
 PSYoungGen      total 117248K, used 0K [0x00000000f5580000, 0x0000000100000000, 0x0000000100000000)
  eden space 104960K, 0% used [0x00000000f5580000,0x00000000f5580000,0x00000000fbc00000)
  from space 12288K, 0% used [0x00000000fbc00000,0x00000000fbc00000,0x00000000fc800000)
  to   space 12288K, 0% used [0x00000000ff400000,0x00000000ff400000,0x0000000100000000)
 ParOldGen       total 175104K, used 16422K [0x00000000e0000000, 0x00000000eab00000, 0x00000000f5580000)
  object space 175104K, 9% used [0x00000000e0000000,0x00000000e1009950,0x00000000eab00000)
 Metaspace       used 34310K, capacity 35466K, committed 35496K, reserved 1079296K
  class space    used 4803K, capacity 5107K, committed 5120K, reserved 1048576K
}
Event: 35.404 GC heap before
{Heap before GC invocations=10 (full 2):
 PSYoungGen      total 117248K, used 104960K [0x00000000f5580000, 0x0000000100000000, 0x0000000100000000)
  eden space 104960K, 100% used [0x00000000f5580000,0x00000000fbc00000,0x00000000fbc00000)
  from space 12288K, 0% used [0x00000000fbc00000,0x00000000fbc00000,0x00000000fc800000)
  to   space 12288K, 0% used [0x00000000ff400000,0x00000000ff400000,0x0000000100000000)
 ParOldGen       total 175104K, used 16422K [0x00000000e0000000, 0x00000000eab00000, 0x00000000f5580000)
  object space 175104K, 9% used [0x00000000e0000000,0x00000000e1009950,0x00000000eab00000)
 Metaspace       used 37845K, capacity 39578K, committed 39808K, reserved 1083392K
  class space    used 5308K, capacity 5685K, committed 5760K, reserved 1048576K
Event: 35.436 GC heap after
Heap after GC invocations=10 (full 2):
 PSYoungGen      total 162304K, used 6396K [0x00000000f5580000, 0x0000000100000000, 0x0000000100000000)
  eden space 150016K, 0% used [0x00000000f5580000,0x00000000f5580000,0x00000000fe800000)
  from space 12288K, 52% used [0x00000000ff400000,0x00000000ffa3f2b8,0x0000000100000000)
  to   space 12288K, 0% used [0x00000000fe800000,0x00000000fe800000,0x00000000ff400000)
 ParOldGen       total 175104K, used 16422K [0x00000000e0000000, 0x00000000eab00000, 0x00000000f5580000)
  object space 175104K, 9% used [0x00000000e0000000,0x00000000e1009950,0x00000000eab00000)
 Metaspace       used 37845K, capacity 39578K, committed 39808K, reserved 1083392K
  class space    used 5308K, capacity 5685K, committed 5760K, reserved 1048576K
}
Event: 40.057 GC heap before
{Heap before GC invocations=11 (full 2):
 PSYoungGen      total 162304K, used 156412K [0x00000000f5580000, 0x0000000100000000, 0x0000000100000000)
  eden space 150016K, 100% used [0x00000000f5580000,0x00000000fe800000,0x00000000fe800000)
  from space 12288K, 52% used [0x00000000ff400000,0x00000000ffa3f2b8,0x0000000100000000)
  to   space 12288K, 0% used [0x00000000fe800000,0x00000000fe800000,0x00000000ff400000)
 ParOldGen       total 175104K, used 16422K [0x00000000e0000000, 0x00000000eab00000, 0x00000000f5580000)
  object space 175104K, 9% used [0x00000000e0000000,0x00000000e1009950,0x00000000eab00000)
 Metaspace       used 51499K, capacity 53668K, committed 53888K, reserved 1095680K
  class space    used 7056K, capacity 7550K, committed 7552K, reserved 1048576K
Event: 40.112 GC heap after
Heap after GC invocations=11 (full 2):
 PSYoungGen      total 162304K, used 12272K [0x00000000f5580000, 0x0000000100000000, 0x0000000100000000)
  eden space 150016K, 0% used [0x00000000f5580000,0x00000000f5580000,0x00000000fe800000)
  from space 12288K, 99% used [0x00000000fe800000,0x00000000ff3fc030,0x00000000ff400000)
  to   space 12288K, 0% used [0x00000000ff400000,0x00000000ff400000,0x0000000100000000)
 ParOldGen       total 175104K, used 25219K [0x00000000e0000000, 0x00000000eab00000, 0x00000000f5580000)
  object space 175104K, 14% used [0x00000000e0000000,0x00000000e18a0ef0,0x00000000eab00000)
 Metaspace       used 51499K, capacity 53668K, committed 53888K, reserved 1095680K
  class space    used 7056K, capacity 7550K, committed 7552K, reserved 1048576K
}
Event: 47.872 GC heap before
{Heap before GC invocations=12 (full 2):
 PSYoungGen      total 162304K, used 98124K [0x00000000f5580000, 0x0000000100000000, 0x0000000100000000)
  eden space 150016K, 57% used [0x00000000f5580000,0x00000000fa957268,0x00000000fe800000)
  from space 12288K, 99% used [0x00000000fe800000,0x00000000ff3fc030,0x00000000ff400000)
  to   space 12288K, 0% used [0x00000000ff400000,0x00000000ff400000,0x0000000100000000)
 ParOldGen       total 175104K, used 25219K [0x00000000e0000000, 0x00000000eab00000, 0x00000000f5580000)
  object space 175104K, 14% used [0x00000000e0000000,0x00000000e18a0ef0,0x00000000eab00000)
 Metaspace       used 56495K, capacity 59116K, committed 59160K, reserved 1099776K
  class space    used 7880K, capacity 8458K, committed 8472K, reserved 1048576K
Event: 47.906 GC heap after
Heap after GC invocations=12 (full 2):
 PSYoungGen      total 145920K, used 12275K [0x00000000f5580000, 0x0000000100000000, 0x0000000100000000)
  eden space 133632K, 0% used [0x00000000f5580000,0x00000000f5580000,0x00000000fd800000)
  from space 12288K, 99% used [0x00000000ff400000,0x00000000ffffcf78,0x0000000100000000)
  to   space 20480K, 0% used [0x00000000fd800000,0x00000000fd800000,0x00000000fec00000)
 ParOldGen       total 175104K, used 34194K [0x00000000e0000000, 0x00000000eab00000, 0x00000000f5580000)
  object space 175104K, 19% used [0x00000000e0000000,0x00000000e2164a58,0x00000000eab00000)
 Metaspace       used 56495K, capacity 59116K, committed 59160K, reserved 1099776K
  class space    used 7880K, capacity 8458K, committed 8472K, reserved 1048576K
}
Event: 47.906 GC heap before
{Heap before GC invocations=13 (full 3):
 PSYoungGen      total 145920K, used 12275K [0x00000000f5580000, 0x0000000100000000, 0x0000000100000000)
  eden space 133632K, 0% used [0x00000000f5580000,0x00000000f5580000,0x00000000fd800000)
  from space 12288K, 99% used [0x00000000ff400000,0x00000000ffffcf78,0x0000000100000000)
  to   space 20480K, 0% used [0x00000000fd800000,0x00000000fd800000,0x00000000fec00000)
 ParOldGen       total 175104K, used 34194K [0x00000000e0000000, 0x00000000eab00000, 0x00000000f5580000)
  object space 175104K, 19% used [0x00000000e0000000,0x00000000e2164a58,0x00000000eab00000)
 Metaspace       used 56495K, capacity 59116K, committed 59160K, reserved 1099776K
  class space    used 7880K, capacity 8458K, committed 8472K, reserved 1048576K
Event: 48.407 GC heap after
Heap after GC invocations=13 (full 3):
 PSYoungGen      total 145920K, used 0K [0x00000000f5580000, 0x0000000100000000, 0x0000000100000000)
  eden space 133632K, 0% used [0x00000000f5580000,0x00000000f5580000,0x00000000fd800000)
  from space 12288K, 0% used [0x00000000ff400000,0x00000000ff400000,0x0000000100000000)
  to   space 20480K, 0% used [0x00000000fd800000,0x00000000fd800000,0x00000000fec00000)
 ParOldGen       total 188416K, used 36259K [0x00000000e0000000, 0x00000000eb800000, 0x00000000f5580000)
  object space 188416K, 19% used [0x00000000e0000000,0x00000000e2368c58,0x00000000eb800000)
 Metaspace       used 56477K, capacity 59056K, committed 59160K, reserved 1099776K
  class space    used 7874K, capacity 8448K, committed 8472K, reserved 1048576K
}

Deoptimization events (10 events):
Event: 46.839 Thread 0x0000000016bf1000 Uncommon trap: reason=unstable_if action=reinterpret pc=0x00000000030dcf14 method=java.io.BufferedReader.readLine(Z)Ljava/lang/String; @ 192
Event: 48.786 Thread 0x0000000016bf1000 Uncommon trap: reason=unstable_if action=reinterpret pc=0x0000000002ba3b30 method=java.lang.Class$MethodArray.removeLessSpecifics()V @ 25
Event: 49.056 Thread 0x0000000016bf1000 Uncommon trap: reason=unstable_if action=reinterpret pc=0x00000000032c0018 method=java.io.WinNTFileSystem.normalize(Ljava/lang/String;)Ljava/lang/String; @ 74
Event: 49.056 Thread 0x0000000016bf1000 Uncommon trap: reason=unstable_if action=reinterpret pc=0x0000000002d6d36c method=java.io.WinNTFileSystem.normalize(Ljava/lang/String;II)Ljava/lang/String; @ 103
Event: 49.171 Thread 0x0000000016bf1000 Uncommon trap: reason=class_check action=maybe_recompile pc=0x0000000002eccbb4 method=java.util.WeakHashMap.eq(Ljava/lang/Object;Ljava/lang/Object;)Z @ 7
Event: 49.172 Thread 0x0000000016bf1000 Uncommon trap: reason=unstable_if action=reinterpret pc=0x0000000003828580 method=java.lang.reflect.Executable.printModifiersIfNonzero(Ljava/lang/StringBuilder;IZ)V @ 14
Event: 49.172 Thread 0x0000000016bf1000 Uncommon trap: reason=unstable_if action=reinterpret pc=0x000000000385acec method=java.lang.reflect.Executable.printModifiersIfNonzero(Ljava/lang/StringBuilder;IZ)V @ 14
Event: 49.178 Thread 0x0000000016bf1000 Uncommon trap: reason=class_check action=maybe_recompile pc=0x0000000002eccbb4 method=java.util.WeakHashMap.eq(Ljava/lang/Object;Ljava/lang/Object;)Z @ 7
Event: 49.198 Thread 0x0000000016bf1000 Uncommon trap: reason=unstable_if action=reinterpret pc=0x00000000035d2d64 method=java.util.TreeMap.getEntryUsingComparator(Ljava/lang/Object;)Ljava/util/TreeMap$Entry; @ 53
Event: 50.175 Thread 0x0000000016bf1000 Uncommon trap: reason=unstable_if action=reinterpret pc=0x000000000293d4e0 method=sun.misc.URLClassPath$JarLoader.getResource(Ljava/lang/String;ZLjava/util/Set;)Lsun/misc/Resource; @ 17

Classes redefined (0 events):
No events

Internal exceptions (10 events):
Event: 50.560 Thread 0x0000000016bf1000 Exception <a 'java/lang/ClassNotFoundException': com/android/build/gradle/internal/tasks/PerModuleBundleTask_DecoratedBeanInfo> (0x00000000f8c33568) thrown at [C:\cygwin64\tmp\build\source\java-1.8.0-openjdk\tmp\jdk8u\hotspot\src\share\vm\classfile\system
Event: 50.561 Thread 0x0000000016bf1000 Exception <a 'java/lang/ClassNotFoundException': com/android/build/gradle/internal/tasks/PerModuleBundleTaskBeanInfo> (0x00000000f8c54950) thrown at [C:\cygwin64\tmp\build\source\java-1.8.0-openjdk\tmp\jdk8u\hotspot\src\share\vm\classfile\systemDictionary
Event: 50.567 Thread 0x0000000016bf1000 Exception <a 'java/lang/ClassNotFoundException': com/android/build/gradle/internal/tasks/NonIncrementalTaskBeanInfo> (0x00000000f8c74b68) thrown at [C:\cygwin64\tmp\build\source\java-1.8.0-openjdk\tmp\jdk8u\hotspot\src\share\vm\classfile\systemDictionary.
Event: 50.567 Thread 0x0000000016bf1000 Exception <a 'java/lang/ClassNotFoundException': com/android/build/gradle/internal/tasks/NonIncrementalTaskCustomizer> (0x00000000f8c95f10) thrown at [C:\cygwin64\tmp\build\source\java-1.8.0-openjdk\tmp\jdk8u\hotspot\src\share\vm\classfile\systemDictionar
Event: 50.568 Thread 0x0000000016bf1000 Exception <a 'java/lang/ClassNotFoundException': com/android/build/gradle/internal/tasks/PerModuleBundleTaskCustomizer> (0x00000000f8cc8630) thrown at [C:\cygwin64\tmp\build\source\java-1.8.0-openjdk\tmp\jdk8u\hotspot\src\share\vm\classfile\systemDictiona
Event: 50.570 Thread 0x0000000016bf1000 Exception <a 'java/lang/ClassNotFoundException': com/android/build/gradle/internal/tasks/PerModuleBundleTask_DecoratedCustomizer> (0x00000000f8d1a288) thrown at [C:\cygwin64\tmp\build\source\java-1.8.0-openjdk\tmp\jdk8u\hotspot\src\share\vm\classfile\syst
Event: 51.682 Thread 0x0000000016bf1000 Exception <a 'java/lang/ClassNotFoundException': build_ectc87sbiv9y1j7hj6evk15epBeanInfo> (0x00000000f8e6cb50) thrown at [C:\cygwin64\tmp\build\source\java-1.8.0-openjdk\tmp\jdk8u\hotspot\src\share\vm\classfile\systemDictionary.cpp, line 217]
Event: 51.683 Thread 0x0000000016bf1000 Exception <a 'java/lang/ClassNotFoundException': build_ectc87sbiv9y1j7hj6evk15epCustomizer> (0x00000000f8e79360) thrown at [C:\cygwin64\tmp\build\source\java-1.8.0-openjdk\tmp\jdk8u\hotspot\src\share\vm\classfile\systemDictionary.cpp, line 217]
Event: 51.733 Thread 0x0000000016bf1000 Exception <a 'java/lang/ClassNotFoundException': build_ectc87sbiv9y1j7hj6evk15epBeanInfo> (0x00000000f8f79708) thrown at [C:\cygwin64\tmp\build\source\java-1.8.0-openjdk\tmp\jdk8u\hotspot\src\share\vm\classfile\systemDictionary.cpp, line 217]
Event: 51.733 Thread 0x0000000016bf1000 Exception <a 'java/lang/ClassNotFoundException': build_ectc87sbiv9y1j7hj6evk15epCustomizer> (0x00000000f8f85eb8) thrown at [C:\cygwin64\tmp\build\source\java-1.8.0-openjdk\tmp\jdk8u\hotspot\src\share\vm\classfile\systemDictionary.cpp, line 217]

Events (10 events):
Event: 51.903 loading class com/android/build/gradle/internal/dsl/LibraryBuildFeaturesImpl
Event: 51.903 loading class com/android/build/gradle/internal/dsl/LibraryBuildFeaturesImpl done
Event: 51.908 loading class com/android/build/api/dsl/PrefabPackagingOptions
Event: 51.908 loading class com/android/build/api/dsl/PrefabPackagingOptions done
Event: 51.909 loading class com/android/build/gradle/internal/dsl/PrefabModuleFactory
Event: 51.909 loading class com/android/build/gradle/internal/dsl/PrefabModuleFactory done
Event: 51.911 loading class org/gradle/api/internal/DefaultDomainObjectSet
Event: 51.911 loading class org/gradle/api/internal/DefaultDomainObjectSet done
Event: 51.912 loading class com/android/build/gradle/api/LibraryVariant
Event: 51.912 loading class com/android/build/gradle/api/LibraryVariant done


Dynamic libraries:
0x00007ff609190000 - 0x00007ff6091c5000 	C:\Program Files\OpenJDK\openjdk-8u282-b08\bin\java.exe
0x00007fff8e980000 - 0x00007fff8eb70000 	C:\WINDOWS\SYSTEM32\ntdll.dll
0x00007fff8d2d0000 - 0x00007fff8d382000 	C:\WINDOWS\System32\KERNEL32.DLL
0x00007fff8c170000 - 0x00007fff8c415000 	C:\WINDOWS\System32\KERNELBASE.dll
0x00007fff8e690000 - 0x00007fff8e733000 	C:\WINDOWS\System32\ADVAPI32.dll
0x00007fff8cf60000 - 0x00007fff8cffe000 	C:\WINDOWS\System32\msvcrt.dll
0x00007fff8dbf0000 - 0x00007fff8dc87000 	C:\WINDOWS\System32\sechost.dll
0x00007fff8d060000 - 0x00007fff8d17f000 	C:\WINDOWS\System32\RPCRT4.dll
0x00007fff8e7a0000 - 0x00007fff8e934000 	C:\WINDOWS\System32\USER32.dll
0x00007fff8b8f0000 - 0x00007fff8b911000 	C:\WINDOWS\System32\win32u.dll
0x00007fff8db50000 - 0x00007fff8db76000 	C:\WINDOWS\System32\GDI32.dll
0x00007fff8c480000 - 0x00007fff8c618000 	C:\WINDOWS\System32\gdi32full.dll
0x00007fff8b950000 - 0x00007fff8b9ee000 	C:\WINDOWS\System32\msvcp_win.dll
0x00007fff8c930000 - 0x00007fff8ca2a000 	C:\WINDOWS\System32\ucrtbase.dll
0x00007fff6bc20000 - 0x00007fff6bea4000 	C:\WINDOWS\WinSxS\amd64_microsoft.windows.common-controls_6595b64144ccf1df_6.0.18362.1440_none_9e7dbfb9e45e8e67\COMCTL32.dll
0x00007fff8d800000 - 0x00007fff8db36000 	C:\WINDOWS\System32\combase.dll
0x00007fff8c780000 - 0x00007fff8c801000 	C:\WINDOWS\System32\bcryptPrimitives.dll
0x00007fff8cb90000 - 0x00007fff8cbbe000 	C:\WINDOWS\System32\IMM32.DLL
0x000000006d010000 - 0x000000006d0e2000 	C:\Program Files\OpenJDK\openjdk-8u282-b08\jre\bin\msvcr100.dll
0x000000006c770000 - 0x000000006d005000 	C:\Program Files\OpenJDK\openjdk-8u282-b08\jre\bin\server\jvm.dll
0x00007fff8db40000 - 0x00007fff8db48000 	C:\WINDOWS\System32\PSAPI.DLL
0x00007fff805e0000 - 0x00007fff805e9000 	C:\WINDOWS\SYSTEM32\WSOCK32.dll
0x00007fff8db80000 - 0x00007fff8dbef000 	C:\WINDOWS\System32\WS2_32.dll
0x00007fff848e0000 - 0x00007fff84904000 	C:\WINDOWS\SYSTEM32\WINMM.dll
0x00007fff866d0000 - 0x00007fff866da000 	C:\WINDOWS\SYSTEM32\VERSION.dll
0x00007fff848b0000 - 0x00007fff848dd000 	C:\WINDOWS\SYSTEM32\WINMMBASE.dll
0x00007fff8c8e0000 - 0x00007fff8c92a000 	C:\WINDOWS\System32\cfgmgr32.dll
0x00007fff83c40000 - 0x00007fff83c4f000 	C:\Program Files\OpenJDK\openjdk-8u282-b08\jre\bin\verify.dll
0x00007fff5cbb0000 - 0x00007fff5cbd9000 	C:\Program Files\OpenJDK\openjdk-8u282-b08\jre\bin\java.dll
0x00007fff83c20000 - 0x00007fff83c36000 	C:\Program Files\OpenJDK\openjdk-8u282-b08\jre\bin\zip.dll
0x00007fff8dde0000 - 0x00007fff8e4c8000 	C:\WINDOWS\System32\SHELL32.dll
0x00007fff8ca30000 - 0x00007fff8cad7000 	C:\WINDOWS\System32\shcore.dll
0x00007fff8b9f0000 - 0x00007fff8c16b000 	C:\WINDOWS\System32\windows.storage.dll
0x00007fff8b8d0000 - 0x00007fff8b8ee000 	C:\WINDOWS\System32\profapi.dll
0x00007fff8b840000 - 0x00007fff8b88a000 	C:\WINDOWS\System32\powrprof.dll
0x00007fff8b830000 - 0x00007fff8b840000 	C:\WINDOWS\System32\UMPDC.dll
0x00007fff8d000000 - 0x00007fff8d052000 	C:\WINDOWS\System32\shlwapi.dll
0x00007fff8b8b0000 - 0x00007fff8b8c1000 	C:\WINDOWS\System32\kernel.appcore.dll
0x00007fff8c8c0000 - 0x00007fff8c8d7000 	C:\WINDOWS\System32\cryptsp.dll
0x00007fff7ecd0000 - 0x00007fff7eceb000 	C:\Program Files\OpenJDK\openjdk-8u282-b08\jre\bin\net.dll
0x00007fff8b010000 - 0x00007fff8b077000 	C:\WINDOWS\system32\mswsock.dll
0x00007fff5c1e0000 - 0x00007fff5c1f2000 	C:\Program Files\OpenJDK\openjdk-8u282-b08\jre\bin\nio.dll
0x00007fff5c1b0000 - 0x00007fff5c1d6000 	C:\Users\PC\.gradle\native\fdc75f09e3144964f2cf3f50f0aa648679c211496f362492102eb8c894070792\windows-amd64\native-platform.dll
0x00007fff3c460000 - 0x00007fff3c5f1000 	C:\Users\PC\.gradle\native\12488b8bf47d2d4c9fbf2f6322a914ad602e24e48041cd04a747c6da556b65c4\windows-amd64\native-platform-file-events.dll
0x00007fff7ed20000 - 0x00007fff7ed2d000 	C:\Program Files\OpenJDK\openjdk-8u282-b08\jre\bin\management.dll
0x00007fff8ab90000 - 0x00007fff8abc3000 	C:\WINDOWS\system32\rsaenh.dll
0x00007fff8b920000 - 0x00007fff8b946000 	C:\WINDOWS\System32\bcrypt.dll
0x00007fff8b750000 - 0x00007fff8b775000 	C:\WINDOWS\SYSTEM32\USERENV.dll
0x00007fff8b1e0000 - 0x00007fff8b1ec000 	C:\WINDOWS\SYSTEM32\CRYPTBASE.dll
0x00007fff8ad20000 - 0x00007fff8ad5a000 	C:\WINDOWS\SYSTEM32\IPHLPAPI.DLL
0x00007fff8ddd0000 - 0x00007fff8ddd8000 	C:\WINDOWS\System32\NSI.dll
0x00007fff853f0000 - 0x00007fff85406000 	C:\WINDOWS\SYSTEM32\dhcpcsvc6.DLL
0x00007fff854c0000 - 0x00007fff854dc000 	C:\WINDOWS\SYSTEM32\dhcpcsvc.DLL
0x00007fff8ad60000 - 0x00007fff8ae2b000 	C:\WINDOWS\SYSTEM32\DNSAPI.dll
0x00007fff85710000 - 0x00007fff8571b000 	C:\WINDOWS\SYSTEM32\WINNSI.DLL

VM Arguments:
jvm_args: -XX:MaxMetaspaceSize=256m -XX:+HeapDumpOnOutOfMemoryError -Xms256m -Xmx512m -Dfile.encoding=windows-1252 -Duser.country=US -Duser.language=en -Duser.variant 
java_command: org.gradle.launcher.daemon.bootstrap.GradleDaemon 6.7
java_class_path (initial): C:\Users\PC\.gradle\wrapper\dists\gradle-6.7-all\cuy9mc7upwgwgeb72wkcrupxe\gradle-6.7\lib\gradle-launcher-6.7.jar
Launcher Type: SUN_STANDARD

Environment Variables:
JAVA_HOME=C:\Program Files\OpenJDK\openjdk-8u282-b08
CLASSPATH=C:\Users\PC\Documents\Dojve\Project\Dojve-Mobile\Dojve\android\\gradle\wrapper\gradle-wrapper.jar
USERNAME=PC
OS=Windows_NT
PROCESSOR_IDENTIFIER=Intel64 Family 6 Model 142 Stepping 9, GenuineIntel



---------------  S Y S T E M  ---------------

OS: Windows 10.0 , 64 bit Build 18362 (10.0.18362.1350)

CPU:total 4 (initial active 4) (2 cores per cpu, 2 threads per core) family 6 model 142 stepping 9, cmov, cx8, fxsr, mmx, sse, sse2, sse3, ssse3, sse4.1, sse4.2, popcnt, avx, avx2, aes, clmul, erms, 3dnowpref, lzcnt, ht, tsc, tscinvbit, bmi1, bmi2, adx

Memory: 4k page, physical 12463140k(120304k free), swap 20667428k(2192k free)

vm_info: OpenJDK 64-Bit Server VM (25.282-b08) for windows-amd64 JRE (1.8.0_282-b08), built on Jan 11 2021 12:17:07 by "build" with MS VC++ 10.0 (VS2010)

time: Sat Apr 17 15:30:44 2021
timezone: SE Asia Standard Time
elapsed time: 52.036251 seconds (0d 0h 0m 52s)

